<?xml version="1.0" encoding="UTF-8"?>
<coverage generated="1534586001253" clover="3.2.0">
  <project timestamp="1534586001254" name="All files">
    <metrics statements="91" coveredstatements="7" conditionals="52" coveredconditionals="1" methods="52" coveredmethods="4" elements="195" coveredelements="12" complexity="0" loc="91" ncloc="91" packages="5" files="6" classes="6">
      <package name="src">
        <metrics statements="8" coveredstatements="0" conditionals="6" coveredconditionals="0" methods="8" coveredmethods="0"/>
        <file name="App.vue" path="C:\Users\Piotrek\Documents\vue\orienteering-event\src\App.vue">
          <metrics statements="8" coveredstatements="0" conditionals="6" coveredconditionals="0" methods="8" coveredmethods="0"/>
          <line num="1" count="0" type="stmt"/>
          <line num="4" count="0" type="stmt"/>
          <line num="71" count="0" type="stmt"/>
          <line num="73" count="0" type="stmt"/>
          <line num="91" count="0" type="cond" truecount="0" falsecount="2"/>
          <line num="92" count="0" type="cond" truecount="0" falsecount="2"/>
          <line num="93" count="0" type="cond" truecount="0" falsecount="2"/>
          <line num="94" count="0" type="stmt"/>
        </file>
      </package>
      <package name="src.components.AddEntry">
        <metrics statements="69" coveredstatements="5" conditionals="34" coveredconditionals="1" methods="39" coveredmethods="4"/>
        <file name="AddEntry.vue" path="C:\Users\Piotrek\Documents\vue\orienteering-event\src\components\AddEntry\AddEntry.vue">
          <metrics statements="37" coveredstatements="5" conditionals="16" coveredconditionals="1" methods="13" coveredmethods="4"/>
          <line num="84" count="1" type="stmt"/>
          <line num="88" count="1" type="stmt"/>
          <line num="141" count="1" type="cond" truecount="1" falsecount="1"/>
          <line num="147" count="0" type="cond" truecount="0" falsecount="2"/>
          <line num="152" count="1" type="stmt"/>
          <line num="157" count="1" type="stmt"/>
          <line num="209" count="0" type="stmt"/>
          <line num="210" count="0" type="stmt"/>
          <line num="211" count="0" type="stmt"/>
          <line num="212" count="0" type="stmt"/>
          <line num="213" count="0" type="cond" truecount="0" falsecount="2"/>
          <line num="216" count="0" type="stmt"/>
          <line num="219" count="0" type="stmt"/>
          <line num="220" count="0" type="cond" truecount="0" falsecount="2"/>
          <line num="224" count="0" type="stmt"/>
          <line num="226" count="0" type="stmt"/>
          <line num="228" count="0" type="stmt"/>
          <line num="231" count="0" type="cond" truecount="0" falsecount="4"/>
          <line num="232" count="0" type="stmt"/>
          <line num="237" count="0" type="stmt"/>
          <line num="239" count="0" type="stmt"/>
          <line num="240" count="0" type="stmt"/>
          <line num="242" count="0" type="stmt"/>
          <line num="245" count="0" type="stmt"/>
          <line num="246" count="0" type="stmt"/>
          <line num="247" count="0" type="stmt"/>
          <line num="251" count="0" type="stmt"/>
          <line num="252" count="0" type="cond" truecount="0" falsecount="2"/>
          <line num="256" count="0" type="stmt"/>
          <line num="257" count="0" type="stmt"/>
          <line num="258" count="0" type="stmt"/>
          <line num="259" count="0" type="stmt"/>
          <line num="260" count="0" type="stmt"/>
          <line num="265" count="0" type="cond" truecount="0" falsecount="2"/>
          <line num="266" count="0" type="stmt"/>
          <line num="268" count="0" type="stmt"/>
          <line num="270" count="0" type="stmt"/>
        </file>
        <file name="NewEntryCard.vue" path="C:\Users\Piotrek\Documents\vue\orienteering-event\src\components\AddEntry\NewEntryCard.vue">
          <metrics statements="32" coveredstatements="0" conditionals="18" coveredconditionals="0" methods="26" coveredmethods="0"/>
          <line num="1" count="0" type="stmt"/>
          <line num="4" count="0" type="stmt"/>
          <line num="8" count="0" type="stmt"/>
          <line num="10" count="0" type="stmt"/>
          <line num="12" count="0" type="stmt"/>
          <line num="14" count="0" type="stmt"/>
          <line num="16" count="0" type="cond" truecount="0" falsecount="4"/>
          <line num="18" count="0" type="stmt"/>
          <line num="21" count="0" type="stmt"/>
          <line num="44" count="0" type="cond" truecount="0" falsecount="2"/>
          <line num="50" count="0" type="cond" truecount="0" falsecount="2"/>
          <line num="55" count="0" type="stmt"/>
          <line num="61" count="0" type="stmt"/>
          <line num="99" count="0" type="stmt"/>
          <line num="100" count="0" type="stmt"/>
          <line num="101" count="0" type="stmt"/>
          <line num="104" count="0" type="stmt"/>
          <line num="105" count="0" type="cond" truecount="0" falsecount="2"/>
          <line num="108" count="0" type="stmt"/>
          <line num="110" count="0" type="stmt"/>
          <line num="111" count="0" type="stmt"/>
          <line num="112" count="0" type="stmt"/>
          <line num="113" count="0" type="stmt"/>
          <line num="114" count="0" type="stmt"/>
          <line num="118" count="0" type="cond" truecount="0" falsecount="2"/>
          <line num="119" count="0" type="stmt"/>
          <line num="121" count="0" type="stmt"/>
          <line num="123" count="0" type="stmt"/>
          <line num="346" count="0" type="cond" truecount="0" falsecount="2"/>
          <line num="347" count="0" type="cond" truecount="0" falsecount="2"/>
          <line num="348" count="0" type="cond" truecount="0" falsecount="2"/>
          <line num="349" count="0" type="stmt"/>
        </file>
      </package>
      <package name="src.components.Entries">
        <metrics statements="7" coveredstatements="0" conditionals="8" coveredconditionals="0" methods="3" coveredmethods="0"/>
        <file name="Entries.vue" path="C:\Users\Piotrek\Documents\vue\orienteering-event\src\components\Entries\Entries.vue">
          <metrics statements="7" coveredstatements="0" conditionals="8" coveredconditionals="0" methods="3" coveredmethods="0"/>
          <line num="1" count="0" type="stmt"/>
          <line num="4" count="0" type="stmt"/>
          <line num="17" count="0" type="stmt"/>
          <line num="21" count="0" type="cond" truecount="0" falsecount="2"/>
          <line num="22" count="0" type="cond" truecount="0" falsecount="2"/>
          <line num="23" count="0" type="cond" truecount="0" falsecount="2"/>
          <line num="24" count="0" type="cond" truecount="0" falsecount="2"/>
        </file>
      </package>
      <package name="src.firebase">
        <metrics statements="2" coveredstatements="2" conditionals="0" coveredconditionals="0" methods="0" coveredmethods="0"/>
        <file name="init.js" path="C:\Users\Piotrek\Documents\vue\orienteering-event\src\firebase\init.js">
          <metrics statements="2" coveredstatements="2" conditionals="0" coveredconditionals="0" methods="0" coveredmethods="0"/>
          <line num="14" count="1" type="stmt"/>
          <line num="15" count="1" type="stmt"/>
        </file>
      </package>
      <package name="src.store">
        <metrics statements="5" coveredstatements="0" conditionals="4" coveredconditionals="0" methods="2" coveredmethods="0"/>
        <file name="store.js" path="C:\Users\Piotrek\Documents\vue\orienteering-event\src\store\store.js">
          <metrics statements="5" coveredstatements="0" conditionals="4" coveredconditionals="0" methods="2" coveredmethods="0"/>
          <line num="1" count="0" type="stmt"/>
          <line num="2" count="0" type="cond" truecount="0" falsecount="4"/>
          <line num="4" count="0" type="stmt"/>
          <line num="6" count="0" type="stmt"/>
          <line num="12" count="0" type="stmt"/>
        </file>
      </package>
    </metrics>
  </project>
</coverage>
