{"C:\\Users\\Piotrek\\Documents\\vue\\orienteering-event\\src\\App.vue": {"path":"C:\\Users\\Piotrek\\Documents\\vue\\orienteering-event\\src\\App.vue","statementMap":{"0":{"start":{"line":1,"column":1},"end":{"line":90,"column":4}},"1":{"start":{"line":4,"column":0},"end":{"line":6,"column":3}},"2":{"start":{"line":71,"column":0},"end":{"line":89,"column":2}},"3":{"start":{"line":73,"column":4},"end":{"line":85,"column":6}},"4":{"start":{"line":91,"column":0},"end":{"line":91,"column":70}},"5":{"start":{"line":91,"column":31},"end":{"line":91,"column":70}},"6":{"start":{"line":92,"column":24},"end":{"line":92,"column":100}},"7":{"start":{"line":93,"column":0},"end":{"line":93,"column":1975}},"8":{"start":{"line":93,"column":54},"end":{"line":93,"column":58}},"9":{"start":{"line":93,"column":66},"end":{"line":93,"column":84}},"10":{"start":{"line":93,"column":92},"end":{"line":93,"column":108}},"11":{"start":{"line":93,"column":109},"end":{"line":93,"column":1974}},"12":{"start":{"line":93,"column":299},"end":{"line":93,"column":313}},"13":{"start":{"line":93,"column":386},"end":{"line":93,"column":642}},"14":{"start":{"line":93,"column":797},"end":{"line":93,"column":822}},"15":{"start":{"line":93,"column":822},"end":{"line":93,"column":846}},"16":{"start":{"line":93,"column":1585},"end":{"line":93,"column":1604}},"17":{"start":{"line":93,"column":1694},"end":{"line":93,"column":1716}},"18":{"start":{"line":94,"column":0},"end":{"line":94,"column":37}}},"fnMap":{"0":{"name":"(anonymous_0)","decl":{"start":{"line":1,"column":2},"end":{"line":1,"column":3}},"loc":{"start":{"line":1,"column":12},"end":{"line":90,"column":1}},"line":1},"1":{"name":"data","decl":{"start":{"line":72,"column":17},"end":{"line":72,"column":21}},"loc":{"start":{"line":72,"column":24},"end":{"line":86,"column":3}},"line":72},"2":{"name":"render","decl":{"start":{"line":93,"column":35},"end":{"line":93,"column":41}},"loc":{"start":{"line":93,"column":45},"end":{"line":93,"column":1975}},"line":93},"3":{"name":"(anonymous_3)","decl":{"start":{"line":93,"column":283},"end":{"line":93,"column":284}},"loc":{"start":{"line":93,"column":298},"end":{"line":93,"column":314}},"line":93},"4":{"name":"(anonymous_4)","decl":{"start":{"line":93,"column":369},"end":{"line":93,"column":370}},"loc":{"start":{"line":93,"column":385},"end":{"line":93,"column":643}},"line":93},"5":{"name":"(anonymous_5)","decl":{"start":{"line":93,"column":780},"end":{"line":93,"column":781}},"loc":{"start":{"line":93,"column":796},"end":{"line":93,"column":847}},"line":93},"6":{"name":"(anonymous_6)","decl":{"start":{"line":93,"column":1569},"end":{"line":93,"column":1570}},"loc":{"start":{"line":93,"column":1584},"end":{"line":93,"column":1605}},"line":93},"7":{"name":"(anonymous_7)","decl":{"start":{"line":93,"column":1677},"end":{"line":93,"column":1678}},"loc":{"start":{"line":93,"column":1693},"end":{"line":93,"column":1717}},"line":93}},"branchMap":{"0":{"loc":{"start":{"line":91,"column":0},"end":{"line":91,"column":70}},"type":"if","locations":[{"start":{"line":91,"column":0},"end":{"line":91,"column":70}},{"start":{"line":91,"column":0},"end":{"line":91,"column":70}}],"line":91},"1":{"loc":{"start":{"line":92,"column":24},"end":{"line":92,"column":100}},"type":"cond-expr","locations":[{"start":{"line":92,"column":62},"end":{"line":92,"column":84}},{"start":{"line":92,"column":86},"end":{"line":92,"column":100}}],"line":92},"2":{"loc":{"start":{"line":93,"column":92},"end":{"line":93,"column":108}},"type":"binary-expr","locations":[{"start":{"line":93,"column":92},"end":{"line":93,"column":104}},{"start":{"line":93,"column":106},"end":{"line":93,"column":108}}],"line":93}},"s":{"0":0,"1":0,"2":0,"3":0,"4":0,"5":0,"6":0,"7":0,"8":0,"9":0,"10":0,"11":0,"12":0,"13":0,"14":0,"15":0,"16":0,"17":0,"18":0},"f":{"0":0,"1":0,"2":0,"3":0,"4":0,"5":0,"6":0,"7":0},"b":{"0":[0,0],"1":[0,0],"2":[0,0]}}
,"C:\\Users\\Piotrek\\Documents\\vue\\orienteering-event\\src\\components\\AddEntry\\AddEntry.vue": {"path":"C:\\Users\\Piotrek\\Documents\\vue\\orienteering-event\\src\\components\\AddEntry\\AddEntry.vue","statementMap":{"0":{"start":{"line":84,"column":0},"end":{"line":null,"column":-1}},"1":{"start":{"line":88,"column":0},"end":{"line":null,"column":-1}},"2":{"start":{"line":141,"column":0},"end":{"line":null,"column":-1}},"3":{"start":{"line":147,"column":0},"end":{"line":null,"column":-1}},"4":{"start":{"line":152,"column":0},"end":{"line":null,"column":-1}},"5":{"start":{"line":157,"column":0},"end":{"line":190,"column":0}},"6":{"start":{"line":209,"column":0},"end":{"line":229,"column":0}},"7":{"start":{"line":210,"column":0},"end":{"line":null,"column":-1}},"8":{"start":{"line":211,"column":0},"end":{"line":null,"column":-1}},"9":{"start":{"line":212,"column":0},"end":{"line":null,"column":-1}},"10":{"start":{"line":213,"column":0},"end":{"line":null,"column":-1}},"11":{"start":{"line":216,"column":0},"end":{"line":null,"column":-1}},"12":{"start":{"line":219,"column":0},"end":{"line":null,"column":-1}},"13":{"start":{"line":220,"column":0},"end":{"line":null,"column":-1}},"14":{"start":{"line":224,"column":0},"end":{"line":null,"column":-1}},"15":{"start":{"line":226,"column":0},"end":{"line":null,"column":-1}},"16":{"start":{"line":228,"column":0},"end":{"line":null,"column":-1}},"17":{"start":{"line":231,"column":0},"end":{"line":241,"column":0}},"18":{"start":{"line":232,"column":0},"end":{"line":null,"column":-1}},"19":{"start":{"line":237,"column":0},"end":{"line":null,"column":-1}},"20":{"start":{"line":239,"column":0},"end":{"line":null,"column":-1}},"21":{"start":{"line":240,"column":0},"end":{"line":null,"column":-1}},"22":{"start":{"line":242,"column":0},"end":{"line":null,"column":-1}},"23":{"start":{"line":245,"column":0},"end":{"line":null,"column":-1}},"24":{"start":{"line":246,"column":0},"end":{"line":null,"column":-1}},"25":{"start":{"line":247,"column":0},"end":{"line":null,"column":-1}},"26":{"start":{"line":251,"column":0},"end":{"line":null,"column":-1}},"27":{"start":{"line":252,"column":0},"end":{"line":null,"column":-1}},"28":{"start":{"line":256,"column":0},"end":{"line":null,"column":-1}},"29":{"start":{"line":257,"column":0},"end":{"line":null,"column":-1}},"30":{"start":{"line":258,"column":0},"end":{"line":261,"column":0}},"31":{"start":{"line":259,"column":0},"end":{"line":null,"column":-1}},"32":{"start":{"line":260,"column":0},"end":{"line":null,"column":-1}},"33":{"start":{"line":265,"column":0},"end":{"line":269,"column":0}},"34":{"start":{"line":266,"column":0},"end":{"line":null,"column":-1}},"35":{"start":{"line":268,"column":0},"end":{"line":null,"column":-1}},"36":{"start":{"line":270,"column":0},"end":{"line":null,"column":-1}}},"fnMap":{"0":{"name":"data","decl":{"start":{"line":88,"column":0},"end":{"line":null,"column":-1}},"loc":{"start":{"line":88,"column":0},"end":{"line":null,"column":-1}}},"1":{"name":"formTitle","decl":{"start":{"line":140,"column":0},"end":{"line":null,"column":-1}},"loc":{"start":{"line":140,"column":0},"end":{"line":142,"column":0}}},"2":{"name":"dialog","decl":{"start":{"line":146,"column":0},"end":{"line":null,"column":-1}},"loc":{"start":{"line":146,"column":0},"end":{"line":148,"column":0}}},"3":{"name":"created","decl":{"start":{"line":151,"column":0},"end":{"line":null,"column":-1}},"loc":{"start":{"line":151,"column":0},"end":{"line":153,"column":0}}},"4":{"name":"initialize","decl":{"start":{"line":156,"column":0},"end":{"line":null,"column":-1}},"loc":{"start":{"line":156,"column":0},"end":{"line":199,"column":0}}},"5":{"name":"calculateFee","decl":{"start":{"line":200,"column":0},"end":{"line":null,"column":-1}},"loc":{"start":{"line":200,"column":0},"end":{"line":243,"column":0}}},"6":{"name":"calculatedFee","decl":{"start":{"line":209,"column":0},"end":{"line":null,"column":-1}},"loc":{"start":{"line":209,"column":0},"end":{"line":229,"column":0}}},"7":{"name":"definePriceRange","decl":{"start":{"line":213,"column":0},"end":{"line":null,"column":-1}},"loc":{"start":{"line":213,"column":0},"end":{"line":null,"column":-1}}},"8":{"name":"editItem","decl":{"start":{"line":244,"column":0},"end":{"line":null,"column":-1}},"loc":{"start":{"line":244,"column":0},"end":{"line":248,"column":0}}},"9":{"name":"deleteItem","decl":{"start":{"line":250,"column":0},"end":{"line":null,"column":-1}},"loc":{"start":{"line":250,"column":0},"end":{"line":254,"column":0}}},"10":{"name":"close","decl":{"start":{"line":256,"column":0},"end":{"line":null,"column":-1}},"loc":{"start":{"line":256,"column":0},"end":{"line":262,"column":0}}},"11":{"name":"(anonymous_13)","decl":{"start":{"line":258,"column":0},"end":{"line":null,"column":-1}},"loc":{"start":{"line":258,"column":0},"end":{"line":261,"column":0}}},"12":{"name":"save","decl":{"start":{"line":264,"column":0},"end":{"line":null,"column":-1}},"loc":{"start":{"line":264,"column":0},"end":{"line":271,"column":0}}}},"branchMap":{"0":{"loc":{"start":{"line":141,"column":0},"end":{"line":null,"column":-1}},"type":"cond-expr","locations":[{"start":{"line":141,"column":0},"end":{"line":null,"column":-1}},{"start":{"line":141,"column":0},"end":{"line":null,"column":-1}}]},"1":{"loc":{"start":{"line":147,"column":0},"end":{"line":null,"column":-1}},"type":"binary-expr","locations":[{"start":{"line":147,"column":0},"end":{"line":null,"column":-1}},{"start":{"line":147,"column":0},"end":{"line":null,"column":-1}}]},"2":{"loc":{"start":{"line":213,"column":0},"end":{"line":null,"column":-1}},"type":"cond-expr","locations":[{"start":{"line":213,"column":0},"end":{"line":null,"column":-1}},{"start":{"line":213,"column":0},"end":{"line":null,"column":-1}}]},"3":{"loc":{"start":{"line":220,"column":0},"end":{"line":null,"column":-1}},"type":"cond-expr","locations":[{"start":{"line":220,"column":0},"end":{"line":null,"column":-1}},{"start":{"line":220,"column":0},"end":{"line":null,"column":-1}}]},"4":{"loc":{"start":{"line":231,"column":0},"end":{"line":241,"column":0}},"type":"if","locations":[{"start":{"line":231,"column":0},"end":{"line":241,"column":0}},{"start":{"line":231,"column":0},"end":{"line":241,"column":0}}]},"5":{"loc":{"start":{"line":231,"column":0},"end":{"line":null,"column":-1}},"type":"binary-expr","locations":[{"start":{"line":231,"column":0},"end":{"line":null,"column":-1}},{"start":{"line":231,"column":0},"end":{"line":null,"column":-1}}]},"6":{"loc":{"start":{"line":252,"column":0},"end":{"line":null,"column":-1}},"type":"binary-expr","locations":[{"start":{"line":252,"column":0},"end":{"line":null,"column":-1}},{"start":{"line":252,"column":0},"end":{"line":null,"column":-1}}]},"7":{"loc":{"start":{"line":265,"column":0},"end":{"line":269,"column":0}},"type":"if","locations":[{"start":{"line":265,"column":0},"end":{"line":269,"column":0}},{"start":{"line":265,"column":0},"end":{"line":269,"column":0}}]}},"s":{"0":1,"1":1,"2":1,"3":0,"4":1,"5":1,"6":0,"7":0,"8":0,"9":0,"10":0,"11":0,"12":0,"13":0,"14":0,"15":0,"16":0,"17":0,"18":0,"19":0,"20":0,"21":0,"22":0,"23":0,"24":0,"25":0,"26":0,"27":0,"28":0,"29":0,"30":0,"31":0,"32":0,"33":0,"34":0,"35":0,"36":0},"f":{"0":1,"1":1,"2":0,"3":1,"4":1,"5":0,"6":0,"7":0,"8":0,"9":0,"10":0,"11":0,"12":0},"b":{"0":[1,0],"1":[0,0],"2":[0,0],"3":[0,0],"4":[0,0],"5":[0,0],"6":[0,0],"7":[0,0]}}
,"C:\\Users\\Piotrek\\Documents\\vue\\orienteering-event\\src\\components\\AddEntry\\NewEntryCard.vue": {"path":"C:\\Users\\Piotrek\\Documents\\vue\\orienteering-event\\src\\components\\AddEntry\\NewEntryCard.vue","statementMap":{"0":{"start":{"line":1,"column":1},"end":{"line":345,"column":4}},"1":{"start":{"line":4,"column":0},"end":{"line":6,"column":3}},"2":{"start":{"line":8,"column":14},"end":{"line":8,"column":60}},"3":{"start":{"line":10,"column":15},"end":{"line":10,"column":46}},"4":{"start":{"line":12,"column":12},"end":{"line":12,"column":38}},"5":{"start":{"line":14,"column":13},"end":{"line":14,"column":42}},"6":{"start":{"line":16,"column":39},"end":{"line":16,"column":93}},"7":{"start":{"line":18,"column":0},"end":{"line":163,"column":2}},"8":{"start":{"line":21,"column":4},"end":{"line":39,"column":6}},"9":{"start":{"line":44,"column":6},"end":{"line":44,"column":66}},"10":{"start":{"line":50,"column":6},"end":{"line":50,"column":26}},"11":{"start":{"line":55,"column":4},"end":{"line":55,"column":22}},"12":{"start":{"line":61,"column":6},"end":{"line":96,"column":9}},"13":{"start":{"line":99,"column":6},"end":{"line":99,"column":53}},"14":{"start":{"line":100,"column":6},"end":{"line":100,"column":56}},"15":{"start":{"line":101,"column":6},"end":{"line":101,"column":25}},"16":{"start":{"line":104,"column":18},"end":{"line":104,"column":45}},"17":{"start":{"line":105,"column":6},"end":{"line":105,"column":94}},"18":{"start":{"line":108,"column":18},"end":{"line":108,"column":22}},"19":{"start":{"line":110,"column":6},"end":{"line":110,"column":15}},"20":{"start":{"line":111,"column":6},"end":{"line":111,"column":26}},"21":{"start":{"line":112,"column":6},"end":{"line":115,"column":14}},"22":{"start":{"line":113,"column":8},"end":{"line":113,"column":74}},"23":{"start":{"line":114,"column":8},"end":{"line":114,"column":31}},"24":{"start":{"line":118,"column":6},"end":{"line":122,"column":7}},"25":{"start":{"line":119,"column":8},"end":{"line":119,"column":80}},"26":{"start":{"line":121,"column":8},"end":{"line":121,"column":44}},"27":{"start":{"line":123,"column":6},"end":{"line":123,"column":19}},"28":{"start":{"line":346,"column":0},"end":{"line":346,"column":70}},"29":{"start":{"line":346,"column":31},"end":{"line":346,"column":70}},"30":{"start":{"line":347,"column":24},"end":{"line":347,"column":100}},"31":{"start":{"line":348,"column":0},"end":{"line":348,"column":4224}},"32":{"start":{"line":348,"column":54},"end":{"line":348,"column":58}},"33":{"start":{"line":348,"column":66},"end":{"line":348,"column":84}},"34":{"start":{"line":348,"column":92},"end":{"line":348,"column":108}},"35":{"start":{"line":348,"column":109},"end":{"line":348,"column":4223}},"36":{"start":{"line":348,"column":465},"end":{"line":348,"column":479}},"37":{"start":{"line":348,"column":1018},"end":{"line":348,"column":1057}},"38":{"start":{"line":348,"column":1264},"end":{"line":348,"column":1303}},"39":{"start":{"line":348,"column":1513},"end":{"line":348,"column":1550}},"40":{"start":{"line":348,"column":1777},"end":{"line":348,"column":1820}},"41":{"start":{"line":348,"column":2104},"end":{"line":348,"column":2145}},"42":{"start":{"line":348,"column":2378},"end":{"line":348,"column":2419}},"43":{"start":{"line":348,"column":2622},"end":{"line":348,"column":2646}},"44":{"start":{"line":348,"column":2771},"end":{"line":348,"column":2794}},"45":{"start":{"line":348,"column":3010},"end":{"line":348,"column":3724}},"46":{"start":{"line":348,"column":3507},"end":{"line":348,"column":3531}},"47":{"start":{"line":348,"column":3648},"end":{"line":348,"column":3674}},"48":{"start":{"line":348,"column":4043},"end":{"line":348,"column":4057}},"49":{"start":{"line":349,"column":0},"end":{"line":349,"column":37}}},"fnMap":{"0":{"name":"(anonymous_0)","decl":{"start":{"line":1,"column":2},"end":{"line":1,"column":3}},"loc":{"start":{"line":1,"column":12},"end":{"line":345,"column":1}},"line":1},"1":{"name":"_interopRequireDefault","decl":{"start":{"line":16,"column":9},"end":{"line":16,"column":31}},"loc":{"start":{"line":16,"column":37},"end":{"line":16,"column":95}},"line":16},"2":{"name":"data","decl":{"start":{"line":20,"column":17},"end":{"line":20,"column":21}},"loc":{"start":{"line":20,"column":24},"end":{"line":40,"column":3}},"line":20},"3":{"name":"formTitle","decl":{"start":{"line":43,"column":24},"end":{"line":43,"column":33}},"loc":{"start":{"line":43,"column":36},"end":{"line":45,"column":5}},"line":43},"4":{"name":"dialog","decl":{"start":{"line":49,"column":21},"end":{"line":49,"column":27}},"loc":{"start":{"line":49,"column":33},"end":{"line":51,"column":5}},"line":49},"5":{"name":"created","decl":{"start":{"line":54,"column":20},"end":{"line":54,"column":27}},"loc":{"start":{"line":54,"column":30},"end":{"line":56,"column":3}},"line":54},"6":{"name":"initialize","decl":{"start":{"line":60,"column":25},"end":{"line":60,"column":35}},"loc":{"start":{"line":60,"column":38},"end":{"line":97,"column":5}},"line":60},"7":{"name":"editItem","decl":{"start":{"line":98,"column":23},"end":{"line":98,"column":31}},"loc":{"start":{"line":98,"column":38},"end":{"line":102,"column":5}},"line":98},"8":{"name":"deleteItem","decl":{"start":{"line":103,"column":25},"end":{"line":103,"column":35}},"loc":{"start":{"line":103,"column":42},"end":{"line":106,"column":5}},"line":103},"9":{"name":"close","decl":{"start":{"line":107,"column":20},"end":{"line":107,"column":25}},"loc":{"start":{"line":107,"column":28},"end":{"line":116,"column":5}},"line":107},"10":{"name":"(anonymous_10)","decl":{"start":{"line":112,"column":17},"end":{"line":112,"column":18}},"loc":{"start":{"line":112,"column":29},"end":{"line":115,"column":7}},"line":112},"11":{"name":"save","decl":{"start":{"line":117,"column":19},"end":{"line":117,"column":23}},"loc":{"start":{"line":117,"column":26},"end":{"line":124,"column":5}},"line":117},"12":{"name":"render","decl":{"start":{"line":348,"column":35},"end":{"line":348,"column":41}},"loc":{"start":{"line":348,"column":45},"end":{"line":348,"column":4224}},"line":348},"13":{"name":"(anonymous_13)","decl":{"start":{"line":348,"column":449},"end":{"line":348,"column":450}},"loc":{"start":{"line":348,"column":464},"end":{"line":348,"column":480}},"line":348},"14":{"name":"(anonymous_14)","decl":{"start":{"line":348,"column":1002},"end":{"line":348,"column":1003}},"loc":{"start":{"line":348,"column":1017},"end":{"line":348,"column":1058}},"line":348},"15":{"name":"(anonymous_15)","decl":{"start":{"line":348,"column":1248},"end":{"line":348,"column":1249}},"loc":{"start":{"line":348,"column":1263},"end":{"line":348,"column":1304}},"line":348},"16":{"name":"(anonymous_16)","decl":{"start":{"line":348,"column":1497},"end":{"line":348,"column":1498}},"loc":{"start":{"line":348,"column":1512},"end":{"line":348,"column":1551}},"line":348},"17":{"name":"(anonymous_17)","decl":{"start":{"line":348,"column":1761},"end":{"line":348,"column":1762}},"loc":{"start":{"line":348,"column":1776},"end":{"line":348,"column":1821}},"line":348},"18":{"name":"(anonymous_18)","decl":{"start":{"line":348,"column":2088},"end":{"line":348,"column":2089}},"loc":{"start":{"line":348,"column":2103},"end":{"line":348,"column":2146}},"line":348},"19":{"name":"(anonymous_19)","decl":{"start":{"line":348,"column":2362},"end":{"line":348,"column":2363}},"loc":{"start":{"line":348,"column":2377},"end":{"line":348,"column":2420}},"line":348},"20":{"name":"(anonymous_20)","decl":{"start":{"line":348,"column":2605},"end":{"line":348,"column":2606}},"loc":{"start":{"line":348,"column":2621},"end":{"line":348,"column":2647}},"line":348},"21":{"name":"(anonymous_21)","decl":{"start":{"line":348,"column":2754},"end":{"line":348,"column":2755}},"loc":{"start":{"line":348,"column":2770},"end":{"line":348,"column":2795}},"line":348},"22":{"name":"(anonymous_22)","decl":{"start":{"line":348,"column":2994},"end":{"line":348,"column":2995}},"loc":{"start":{"line":348,"column":3009},"end":{"line":348,"column":3725}},"line":348},"23":{"name":"(anonymous_23)","decl":{"start":{"line":348,"column":3490},"end":{"line":348,"column":3491}},"loc":{"start":{"line":348,"column":3506},"end":{"line":348,"column":3532}},"line":348},"24":{"name":"(anonymous_24)","decl":{"start":{"line":348,"column":3631},"end":{"line":348,"column":3632}},"loc":{"start":{"line":348,"column":3647},"end":{"line":348,"column":3675}},"line":348},"25":{"name":"(anonymous_25)","decl":{"start":{"line":348,"column":4027},"end":{"line":348,"column":4028}},"loc":{"start":{"line":348,"column":4042},"end":{"line":348,"column":4058}},"line":348}},"branchMap":{"0":{"loc":{"start":{"line":16,"column":46},"end":{"line":16,"column":92}},"type":"cond-expr","locations":[{"start":{"line":16,"column":70},"end":{"line":16,"column":73}},{"start":{"line":16,"column":76},"end":{"line":16,"column":92}}],"line":16},"1":{"loc":{"start":{"line":16,"column":46},"end":{"line":16,"column":67}},"type":"binary-expr","locations":[{"start":{"line":16,"column":46},"end":{"line":16,"column":49}},{"start":{"line":16,"column":53},"end":{"line":16,"column":67}}],"line":16},"2":{"loc":{"start":{"line":44,"column":13},"end":{"line":44,"column":65}},"type":"cond-expr","locations":[{"start":{"line":44,"column":39},"end":{"line":44,"column":50}},{"start":{"line":44,"column":53},"end":{"line":44,"column":65}}],"line":44},"3":{"loc":{"start":{"line":50,"column":6},"end":{"line":50,"column":25}},"type":"binary-expr","locations":[{"start":{"line":50,"column":6},"end":{"line":50,"column":9}},{"start":{"line":50,"column":13},"end":{"line":50,"column":25}}],"line":50},"4":{"loc":{"start":{"line":105,"column":6},"end":{"line":105,"column":93}},"type":"binary-expr","locations":[{"start":{"line":105,"column":6},"end":{"line":105,"column":59}},{"start":{"line":105,"column":63},"end":{"line":105,"column":93}}],"line":105},"5":{"loc":{"start":{"line":118,"column":6},"end":{"line":122,"column":7}},"type":"if","locations":[{"start":{"line":118,"column":6},"end":{"line":122,"column":7}},{"start":{"line":118,"column":6},"end":{"line":122,"column":7}}],"line":118},"6":{"loc":{"start":{"line":346,"column":0},"end":{"line":346,"column":70}},"type":"if","locations":[{"start":{"line":346,"column":0},"end":{"line":346,"column":70}},{"start":{"line":346,"column":0},"end":{"line":346,"column":70}}],"line":346},"7":{"loc":{"start":{"line":347,"column":24},"end":{"line":347,"column":100}},"type":"cond-expr","locations":[{"start":{"line":347,"column":62},"end":{"line":347,"column":84}},{"start":{"line":347,"column":86},"end":{"line":347,"column":100}}],"line":347},"8":{"loc":{"start":{"line":348,"column":92},"end":{"line":348,"column":108}},"type":"binary-expr","locations":[{"start":{"line":348,"column":92},"end":{"line":348,"column":104}},{"start":{"line":348,"column":106},"end":{"line":348,"column":108}}],"line":348}},"s":{"0":0,"1":0,"2":0,"3":0,"4":0,"5":0,"6":0,"7":0,"8":0,"9":0,"10":0,"11":0,"12":0,"13":0,"14":0,"15":0,"16":0,"17":0,"18":0,"19":0,"20":0,"21":0,"22":0,"23":0,"24":0,"25":0,"26":0,"27":0,"28":0,"29":0,"30":0,"31":0,"32":0,"33":0,"34":0,"35":0,"36":0,"37":0,"38":0,"39":0,"40":0,"41":0,"42":0,"43":0,"44":0,"45":0,"46":0,"47":0,"48":0,"49":0},"f":{"0":0,"1":0,"2":0,"3":0,"4":0,"5":0,"6":0,"7":0,"8":0,"9":0,"10":0,"11":0,"12":0,"13":0,"14":0,"15":0,"16":0,"17":0,"18":0,"19":0,"20":0,"21":0,"22":0,"23":0,"24":0,"25":0},"b":{"0":[0,0],"1":[0,0],"2":[0,0],"3":[0,0],"4":[0,0],"5":[0,0],"6":[0,0],"7":[0,0],"8":[0,0]}}
,"C:\\Users\\Piotrek\\Documents\\vue\\orienteering-event\\src\\components\\Entries\\Entries.vue": {"path":"C:\\Users\\Piotrek\\Documents\\vue\\orienteering-event\\src\\components\\Entries\\Entries.vue","statementMap":{"0":{"start":{"line":1,"column":1},"end":{"line":20,"column":4}},"1":{"start":{"line":4,"column":0},"end":{"line":6,"column":3}},"2":{"start":{"line":17,"column":0},"end":{"line":19,"column":2}},"3":{"start":{"line":21,"column":0},"end":{"line":21,"column":70}},"4":{"start":{"line":21,"column":31},"end":{"line":21,"column":70}},"5":{"start":{"line":22,"column":24},"end":{"line":22,"column":100}},"6":{"start":{"line":23,"column":0},"end":{"line":23,"column":126}},"7":{"start":{"line":23,"column":54},"end":{"line":23,"column":58}},"8":{"start":{"line":23,"column":66},"end":{"line":23,"column":84}},"9":{"start":{"line":23,"column":92},"end":{"line":23,"column":108}},"10":{"start":{"line":23,"column":109},"end":{"line":23,"column":125}},"11":{"start":{"line":24,"column":0},"end":{"line":24,"column":348}},"12":{"start":{"line":24,"column":64},"end":{"line":24,"column":68}},"13":{"start":{"line":24,"column":76},"end":{"line":24,"column":94}},"14":{"start":{"line":24,"column":102},"end":{"line":24,"column":118}},"15":{"start":{"line":24,"column":119},"end":{"line":24,"column":346}}},"fnMap":{"0":{"name":"(anonymous_0)","decl":{"start":{"line":1,"column":2},"end":{"line":1,"column":3}},"loc":{"start":{"line":1,"column":12},"end":{"line":20,"column":1}},"line":1},"1":{"name":"render","decl":{"start":{"line":23,"column":35},"end":{"line":23,"column":41}},"loc":{"start":{"line":23,"column":45},"end":{"line":23,"column":126}},"line":23},"2":{"name":"render","decl":{"start":{"line":24,"column":45},"end":{"line":24,"column":51}},"loc":{"start":{"line":24,"column":55},"end":{"line":24,"column":347}},"line":24}},"branchMap":{"0":{"loc":{"start":{"line":21,"column":0},"end":{"line":21,"column":70}},"type":"if","locations":[{"start":{"line":21,"column":0},"end":{"line":21,"column":70}},{"start":{"line":21,"column":0},"end":{"line":21,"column":70}}],"line":21},"1":{"loc":{"start":{"line":22,"column":24},"end":{"line":22,"column":100}},"type":"cond-expr","locations":[{"start":{"line":22,"column":62},"end":{"line":22,"column":84}},{"start":{"line":22,"column":86},"end":{"line":22,"column":100}}],"line":22},"2":{"loc":{"start":{"line":23,"column":92},"end":{"line":23,"column":108}},"type":"binary-expr","locations":[{"start":{"line":23,"column":92},"end":{"line":23,"column":104}},{"start":{"line":23,"column":106},"end":{"line":23,"column":108}}],"line":23},"3":{"loc":{"start":{"line":24,"column":102},"end":{"line":24,"column":118}},"type":"binary-expr","locations":[{"start":{"line":24,"column":102},"end":{"line":24,"column":114}},{"start":{"line":24,"column":116},"end":{"line":24,"column":118}}],"line":24}},"s":{"0":0,"1":0,"2":0,"3":0,"4":0,"5":0,"6":0,"7":0,"8":0,"9":0,"10":0,"11":0,"12":0,"13":0,"14":0,"15":0},"f":{"0":0,"1":0,"2":0},"b":{"0":[0,0],"1":[0,0],"2":[0,0],"3":[0,0]}}
,"C:\\Users\\Piotrek\\Documents\\vue\\orienteering-event\\src\\firebase\\init.js": {"path":"C:\\Users\\Piotrek\\Documents\\vue\\orienteering-event\\src\\firebase\\init.js","statementMap":{"0":{"start":{"line":14,"column":10},"end":{"line":14,"column":23}},"1":{"start":{"line":15,"column":4},"end":{"line":null,"column":-1}}},"fnMap":{},"branchMap":{},"s":{"0":1,"1":1},"f":{},"b":{}}
,"C:\\Users\\Piotrek\\Documents\\vue\\orienteering-event\\src\\store\\store.js": {"path":"C:\\Users\\Piotrek\\Documents\\vue\\orienteering-event\\src\\store\\store.js","statementMap":{"0":{"start":{"line":1,"column":13},"end":{"line":1,"column":75}},"1":{"start":{"line":1,"column":75},"end":{"line":1,"column":101}},"2":{"start":{"line":1,"column":112},"end":{"line":1,"column":126}},"3":{"start":{"line":1,"column":139},"end":{"line":1,"column":167}},"4":{"start":{"line":2,"column":12},"end":{"line":2,"column":27}},"5":{"start":{"line":2,"column":41},"end":{"line":2,"column":70}},"6":{"start":{"line":2,"column":109},"end":{"line":2,"column":163}},"7":{"start":{"line":4,"column":0},"end":{"line":4,"column":34}},"8":{"start":{"line":6,"column":12},"end":{"line":13,"column":14}},"9":{"start":{"line":12,"column":12},"end":{"line":12,"column":41}}},"fnMap":{"0":{"name":"_interopRequireDefault","decl":{"start":{"line":2,"column":80},"end":{"line":2,"column":102}},"loc":{"start":{"line":2,"column":108},"end":{"line":2,"column":164}},"line":2},"1":{"name":"toggleDrawer","decl":{"start":{"line":11,"column":31},"end":{"line":11,"column":43}},"loc":{"start":{"line":11,"column":51},"end":{"line":13,"column":9}},"line":11}},"branchMap":{"0":{"loc":{"start":{"line":2,"column":116},"end":{"line":2,"column":162}},"type":"cond-expr","locations":[{"start":{"line":2,"column":140},"end":{"line":2,"column":143}},{"start":{"line":2,"column":146},"end":{"line":2,"column":162}}],"line":2},"1":{"loc":{"start":{"line":2,"column":116},"end":{"line":2,"column":137}},"type":"binary-expr","locations":[{"start":{"line":2,"column":116},"end":{"line":2,"column":119}},{"start":{"line":2,"column":123},"end":{"line":2,"column":137}}],"line":2}},"s":{"0":0,"1":0,"2":0,"3":0,"4":0,"5":0,"6":0,"7":0,"8":0,"9":0},"f":{"0":0,"1":0},"b":{"0":[0,0],"1":[0,0]}}
}
