TN:
SF:C:\Users\Piotrek\Documents\vue\orienteering-event\src\App.vue
FN:1,(anonymous_0)
FN:72,data
FN:93,render
FN:93,(anonymous_3)
FN:93,(anonymous_4)
FN:93,(anonymous_5)
FN:93,(anonymous_6)
FN:93,(anonymous_7)
FNF:8
FNH:0
FNDA:0,(anonymous_0)
FNDA:0,data
FNDA:0,render
FNDA:0,(anonymous_3)
FNDA:0,(anonymous_4)
FNDA:0,(anonymous_5)
FNDA:0,(anonymous_6)
FNDA:0,(anonymous_7)
DA:1,0
DA:4,0
DA:71,0
DA:73,0
DA:91,0
DA:92,0
DA:93,0
DA:94,0
LF:8
LH:0
BRDA:91,0,0,0
BRDA:91,0,1,0
BRDA:92,1,0,0
BRDA:92,1,1,0
BRDA:93,2,0,0
BRDA:93,2,1,0
BRF:6
BRH:0
end_of_record
TN:
SF:C:\Users\Piotrek\Documents\vue\orienteering-event\src\components\AddEntry\AddEntry.vue
FN:88,data
FN:140,formTitle
FN:146,dialog
FN:151,created
FN:156,initialize
FN:200,calculateFee
FN:209,calculatedFee
FN:213,definePriceRange
FN:244,editItem
FN:250,deleteItem
FN:256,close
FN:258,(anonymous_13)
FN:264,save
FNF:13
FNH:4
FNDA:1,data
FNDA:1,formTitle
FNDA:0,dialog
FNDA:1,created
FNDA:1,initialize
FNDA:0,calculateFee
FNDA:0,calculatedFee
FNDA:0,definePriceRange
FNDA:0,editItem
FNDA:0,deleteItem
FNDA:0,close
FNDA:0,(anonymous_13)
FNDA:0,save
DA:84,1
DA:88,1
DA:141,1
DA:147,0
DA:152,1
DA:157,1
DA:209,0
DA:210,0
DA:211,0
DA:212,0
DA:213,0
DA:216,0
DA:219,0
DA:220,0
DA:224,0
DA:226,0
DA:228,0
DA:231,0
DA:232,0
DA:237,0
DA:239,0
DA:240,0
DA:242,0
DA:245,0
DA:246,0
DA:247,0
DA:251,0
DA:252,0
DA:256,0
DA:257,0
DA:258,0
DA:259,0
DA:260,0
DA:265,0
DA:266,0
DA:268,0
DA:270,0
LF:37
LH:5
BRDA:141,0,0,1
BRDA:141,0,1,0
BRDA:147,1,0,0
BRDA:147,1,1,0
BRDA:213,2,0,0
BRDA:213,2,1,0
BRDA:220,3,0,0
BRDA:220,3,1,0
BRDA:231,4,0,0
BRDA:231,4,1,0
BRDA:231,5,0,0
BRDA:231,5,1,0
BRDA:252,6,0,0
BRDA:252,6,1,0
BRDA:265,7,0,0
BRDA:265,7,1,0
BRF:16
BRH:1
end_of_record
TN:
SF:C:\Users\Piotrek\Documents\vue\orienteering-event\src\components\AddEntry\NewEntryCard.vue
FN:1,(anonymous_0)
FN:16,_interopRequireDefault
FN:20,data
FN:43,formTitle
FN:49,dialog
FN:54,created
FN:60,initialize
FN:98,editItem
FN:103,deleteItem
FN:107,close
FN:112,(anonymous_10)
FN:117,save
FN:348,render
FN:348,(anonymous_13)
FN:348,(anonymous_14)
FN:348,(anonymous_15)
FN:348,(anonymous_16)
FN:348,(anonymous_17)
FN:348,(anonymous_18)
FN:348,(anonymous_19)
FN:348,(anonymous_20)
FN:348,(anonymous_21)
FN:348,(anonymous_22)
FN:348,(anonymous_23)
FN:348,(anonymous_24)
FN:348,(anonymous_25)
FNF:26
FNH:0
FNDA:0,(anonymous_0)
FNDA:0,_interopRequireDefault
FNDA:0,data
FNDA:0,formTitle
FNDA:0,dialog
FNDA:0,created
FNDA:0,initialize
FNDA:0,editItem
FNDA:0,deleteItem
FNDA:0,close
FNDA:0,(anonymous_10)
FNDA:0,save
FNDA:0,render
FNDA:0,(anonymous_13)
FNDA:0,(anonymous_14)
FNDA:0,(anonymous_15)
FNDA:0,(anonymous_16)
FNDA:0,(anonymous_17)
FNDA:0,(anonymous_18)
FNDA:0,(anonymous_19)
FNDA:0,(anonymous_20)
FNDA:0,(anonymous_21)
FNDA:0,(anonymous_22)
FNDA:0,(anonymous_23)
FNDA:0,(anonymous_24)
FNDA:0,(anonymous_25)
DA:1,0
DA:4,0
DA:8,0
DA:10,0
DA:12,0
DA:14,0
DA:16,0
DA:18,0
DA:21,0
DA:44,0
DA:50,0
DA:55,0
DA:61,0
DA:99,0
DA:100,0
DA:101,0
DA:104,0
DA:105,0
DA:108,0
DA:110,0
DA:111,0
DA:112,0
DA:113,0
DA:114,0
DA:118,0
DA:119,0
DA:121,0
DA:123,0
DA:346,0
DA:347,0
DA:348,0
DA:349,0
LF:32
LH:0
BRDA:16,0,0,0
BRDA:16,0,1,0
BRDA:16,1,0,0
BRDA:16,1,1,0
BRDA:44,2,0,0
BRDA:44,2,1,0
BRDA:50,3,0,0
BRDA:50,3,1,0
BRDA:105,4,0,0
BRDA:105,4,1,0
BRDA:118,5,0,0
BRDA:118,5,1,0
BRDA:346,6,0,0
BRDA:346,6,1,0
BRDA:347,7,0,0
BRDA:347,7,1,0
BRDA:348,8,0,0
BRDA:348,8,1,0
BRF:18
BRH:0
end_of_record
TN:
SF:C:\Users\Piotrek\Documents\vue\orienteering-event\src\components\Entries\Entries.vue
FN:1,(anonymous_0)
FN:23,render
FN:24,render
FNF:3
FNH:0
FNDA:0,(anonymous_0)
FNDA:0,render
FNDA:0,render
DA:1,0
DA:4,0
DA:17,0
DA:21,0
DA:22,0
DA:23,0
DA:24,0
LF:7
LH:0
BRDA:21,0,0,0
BRDA:21,0,1,0
BRDA:22,1,0,0
BRDA:22,1,1,0
BRDA:23,2,0,0
BRDA:23,2,1,0
BRDA:24,3,0,0
BRDA:24,3,1,0
BRF:8
BRH:0
end_of_record
TN:
SF:C:\Users\Piotrek\Documents\vue\orienteering-event\src\firebase\init.js
FNF:0
FNH:0
DA:14,1
DA:15,1
LF:2
LH:2
BRF:0
BRH:0
end_of_record
TN:
SF:C:\Users\Piotrek\Documents\vue\orienteering-event\src\store\store.js
FN:2,_interopRequireDefault
FN:11,toggleDrawer
FNF:2
FNH:0
FNDA:0,_interopRequireDefault
FNDA:0,toggleDrawer
DA:1,0
DA:2,0
DA:4,0
DA:6,0
DA:12,0
LF:5
LH:0
BRDA:2,0,0,0
BRDA:2,0,1,0
BRDA:2,1,0,0
BRDA:2,1,1,0
BRF:4
BRH:0
end_of_record
